0 info it worked if it ends with ok
1 verbose cli [ '/usr/bin/nodejs', '/usr/bin/npm', 'install' ]
2 info using npm@1.3.10
3 info using node@v0.10.25
4 verbose readDependencies using package.json deps
5 verbose install where, deps [ '/home/sharavaa/Projects/extjs',
5 verbose install   [ 'matchdep',
5 verbose install     'grunt',
5 verbose install     'grunt-shell',
5 verbose install     'grunt-contrib-sass',
5 verbose install     'grunt-contrib-stylus',
5 verbose install     'grunt-contrib-connect',
5 verbose install     'grunt-contrib-watch',
5 verbose install     'grunt-contrib-clean',
5 verbose install     'grunt-contrib-cssmin',
5 verbose install     'grunt-connect-proxy',
5 verbose install     'grunt-contrib-copy',
5 verbose install     'connect-livereload',
5 verbose install     'grunt-contrib-concat',
5 verbose install     'grunt-contrib-uglify',
5 verbose install     'grunt-contrib-jshint',
5 verbose install     'jshint-stylish',
5 verbose install     'grunt-jsduck',
5 verbose install     'grunt-jscs',
5 verbose install     'grunt-exec',
5 verbose install     'grunt-notify',
5 verbose install     'grunt-filerev',
5 verbose install     'grunt-bump',
5 verbose install     'grunt-userev' ] ]
6 info preinstall Extjs_Skeleton@0.0.3
7 warn package.json sass@0.5.0 No repository field.
8 verbose readDependencies using package.json deps
9 verbose already installed skipping matchdep@* /home/sharavaa/Projects/extjs
10 verbose already installed skipping grunt@* /home/sharavaa/Projects/extjs
11 verbose already installed skipping grunt-shell@* /home/sharavaa/Projects/extjs
12 verbose already installed skipping grunt-contrib-sass@* /home/sharavaa/Projects/extjs
13 verbose already installed skipping grunt-contrib-stylus@* /home/sharavaa/Projects/extjs
14 verbose already installed skipping grunt-contrib-connect@* /home/sharavaa/Projects/extjs
15 verbose already installed skipping grunt-contrib-clean@* /home/sharavaa/Projects/extjs
16 verbose already installed skipping grunt-contrib-watch@* /home/sharavaa/Projects/extjs
17 verbose already installed skipping grunt-contrib-cssmin@* /home/sharavaa/Projects/extjs
18 verbose already installed skipping grunt-connect-proxy@* /home/sharavaa/Projects/extjs
19 verbose already installed skipping grunt-contrib-copy@* /home/sharavaa/Projects/extjs
20 verbose already installed skipping connect-livereload@* /home/sharavaa/Projects/extjs
21 verbose already installed skipping grunt-contrib-concat@* /home/sharavaa/Projects/extjs
22 verbose already installed skipping grunt-contrib-jshint@* /home/sharavaa/Projects/extjs
23 verbose already installed skipping grunt-contrib-uglify@* /home/sharavaa/Projects/extjs
24 verbose already installed skipping jshint-stylish@* /home/sharavaa/Projects/extjs
25 verbose already installed skipping grunt-jsduck@* /home/sharavaa/Projects/extjs
26 verbose already installed skipping grunt-jscs@* /home/sharavaa/Projects/extjs
27 verbose already installed skipping grunt-exec@* /home/sharavaa/Projects/extjs
28 verbose already installed skipping grunt-notify@* /home/sharavaa/Projects/extjs
29 verbose already installed skipping grunt-filerev@* /home/sharavaa/Projects/extjs
30 verbose already installed skipping grunt-userev@* /home/sharavaa/Projects/extjs
31 verbose cache add [ 'grunt-bump@git://github.com/vojtajina/grunt-bump.git#master',
31 verbose cache add   null ]
32 verbose cache add name=undefined spec="grunt-bump@git://github.com/vojtajina/grunt-bump.git#master" args=["grunt-bump@git://github.com/vojtajina/grunt-bump.git#master",null]
33 verbose parsed url { protocol: null,
33 verbose parsed url   slashes: null,
33 verbose parsed url   auth: null,
33 verbose parsed url   host: null,
33 verbose parsed url   port: null,
33 verbose parsed url   hostname: null,
33 verbose parsed url   hash: '#master',
33 verbose parsed url   search: null,
33 verbose parsed url   query: null,
33 verbose parsed url   pathname: 'grunt-bump@git://github.com/vojtajina/grunt-bump.git',
33 verbose parsed url   path: 'grunt-bump@git://github.com/vojtajina/grunt-bump.git',
33 verbose parsed url   href: 'grunt-bump@git://github.com/vojtajina/grunt-bump.git#master' }
34 verbose cache add name="grunt-bump" spec="git://github.com/vojtajina/grunt-bump.git#master" args=["grunt-bump","git://github.com/vojtajina/grunt-bump.git#master"]
35 verbose parsed url { protocol: 'git:',
35 verbose parsed url   slashes: true,
35 verbose parsed url   auth: null,
35 verbose parsed url   host: 'github.com',
35 verbose parsed url   port: null,
35 verbose parsed url   hostname: 'github.com',
35 verbose parsed url   hash: '#master',
35 verbose parsed url   search: null,
35 verbose parsed url   query: null,
35 verbose parsed url   pathname: '/vojtajina/grunt-bump.git',
35 verbose parsed url   path: '/vojtajina/grunt-bump.git',
35 verbose parsed url   href: 'git://github.com/vojtajina/grunt-bump.git#master' }
36 silly lockFile ea50dfdb--vojtajina-grunt-bump-git-master git://github.com/vojtajina/grunt-bump.git#master
37 verbose lock git://github.com/vojtajina/grunt-bump.git#master /home/sharavaa/.npm/ea50dfdb--vojtajina-grunt-bump-git-master.lock
38 verbose addRemoteGit [ 'git://github.com/vojtajina/grunt-bump.git', 'master' ]
39 silly lockFile 556c661c-hub-com-vojtajina-grunt-bump-git git://github.com/vojtajina/grunt-bump.git
40 error Error: EACCES, mkdir '/home/sharavaa/.npm/_git-remotes/git-github-com-vojtajina-grunt-bump-git-556c661c'
40 error  { [Error: EACCES, mkdir '/home/sharavaa/.npm/_git-remotes/git-github-com-vojtajina-grunt-bump-git-556c661c']
40 error   errno: 3,
40 error   code: 'EACCES',
40 error   path: '/home/sharavaa/.npm/_git-remotes/git-github-com-vojtajina-grunt-bump-git-556c661c' }
41 error Please try running this command again as root/Administrator.
42 error System Linux 3.13.0-45-generic
43 error command "/usr/bin/nodejs" "/usr/bin/npm" "install"
44 error cwd /home/sharavaa/Projects/extjs
45 error node -v v0.10.25
46 error npm -v 1.3.10
47 error path /home/sharavaa/.npm/_git-remotes/git-github-com-vojtajina-grunt-bump-git-556c661c
48 error code EACCES
49 error errno 3
50 error stack Error: EACCES, mkdir '/home/sharavaa/.npm/_git-remotes/git-github-com-vojtajina-grunt-bump-git-556c661c'
51 verbose exit [ 3, true ]
